[35m[Appium][39m Welcome to Appium v1.22.3
[35m[Appium][39m Non-default server args:
[35m[Appium][39m   port: 59530
[35m[Appium][39m   loglevel: info
[35m[Appium][39m   tmpDir: C:\Users\Os1425\AppData\Local\Temp\\Katalon\Appium\Temp1660547650597
[35m[Appium][39m   chromedriverPort: 59531
[35m[Appium][39m Deprecated server args:
[35m[Appium][39m   [31m--chromedriver-port[39m => --default-capabilities
[35m[Appium][39m Default capabilities, which will be added to each request unless overridden by desired capabilities:
[35m[Appium][39m   chromedriverPort: 59531
[35m[Appium][39m Appium REST http interface listener started on 0.0.0.0:59530
[35m[HTTP][39m [37m-->[39m [37mGET[39m [37m/wd/hub/status[39m
[35m[HTTP][39m [90m{}[39m
[35m[HTTP][39m [37m<-- GET /wd/hub/status [39m[32m200[39m [90m10 ms - 68[39m
[35m[HTTP][39m [90m[39m
[35m[HTTP][39m [37m-->[39m [37mGET[39m [37m/wd/hub/status[39m
[35m[HTTP][39m [90m{}[39m
[35m[HTTP][39m [37m<-- GET /wd/hub/status [39m[32m200[39m [90m2 ms - 68[39m
[35m[HTTP][39m [90m[39m
[35m[HTTP][39m [37m-->[39m [37mPOST[39m [37m/wd/hub/session[39m
[35m[HTTP][39m [90m{"desiredCapabilities":{"appActivity":".Settings","appPackage":"com.android.settings","newCommandTimeout":1800,"platformVersion":"10","automationName":"uiautomator2","autoGrantPermissions":true,"platformName":"Android","udid":"R9CM909PRHJ","deviceName":"samsung SM-A207F (Android 10)","platform":"ANDROID","systemPort":8278},"capabilities":{"firstMatch":[{"appium:appActivity":".Settings","appium:appPackage":"com.android.settings","appium:autoGrantPermissions":true,"appium:automationName":"uiautomator2","appium:deviceName":"samsung SM-A207F (Android 10)","appium:newCommandTimeout":1800,"platform":"ANDROID","platformName":"android","appium:platformVersion":"10","appium:systemPort":8278,"appium:udid":"R9CM909PRHJ"}]}}[39m
[35m[BaseDriver][39m The following capabilities are not standard capabilities and should have an extension prefix:
[35m[BaseDriver][39m   platform
[35m[BaseDriver][39m   chromedriverPort
[35m[Appium][39m Appium v1.22.3 creating new AndroidUiautomator2Driver (v1.70.1) session
[35m[BaseDriver][39m The following capabilities were provided, but are not recognized by Appium:
[35m[BaseDriver][39m   platform
[35m[BaseDriver][39m Session created with session id: e7508c94-a5e2-44b5-b9ae-e163f5ff5567
[35m[UiAutomator2][39m Starting 'com.android.settings' directly on the device
[35m[ADB][39m Found 1 'build-tools' folders under 'C:\Users\Os1425\.katalon\tools\android_sdk' (newest first):
[35m[ADB][39m     C:/Users/Os1425/.katalon/tools/android_sdk/build-tools/29.0.3
[35m[ADB][39m Using 'adb.exe' from 'C:\Users\Os1425\.katalon\tools\android_sdk\platform-tools\adb.exe'
[35m[AndroidDriver][39m Retrieving device list
[35m[AndroidDriver][39m Using device: R9CM909PRHJ
[35m[ADB][39m Using 'adb.exe' from 'C:\Users\Os1425\.katalon\tools\android_sdk\platform-tools\adb.exe'
[35m[ADB][39m Getting device platform version
[35m[UiAutomator2][39m Relaxing hidden api policy
[35m[AndroidDriver][39m No app sent in, not parsing package/activity
[35m[ADB][39m Using 'apksigner.jar' from 'C:\Users\Os1425\.katalon\tools\android_sdk\build-tools\29.0.3\lib\apksigner.jar'
[35m[ADB][39m 'C:\Users\Os1425\AppData\Roaming\npm\node_modules\appium\node_modules\appium-uiautomator2-server\apks\appium-uiautomator2-server-v4.27.0.apk' is signed with the default certificate
[35m[ADB][39m 'C:\Users\Os1425\AppData\Roaming\npm\node_modules\appium\node_modules\appium-uiautomator2-server\apks\appium-uiautomator2-server-debug-androidTest.apk' is signed with the default certificate
[35m[UiAutomator2][39m Server packages are not going to be (re)installed
[35m[ADB][39m Adding packages ["io.appium.settings","io.appium.uiautomator2.server","io.appium.uiautomator2.server.test"] to Doze whitelist
[35m[UiAutomator2][39m Starting UIAutomator2 server 4.27.0
[35m[UiAutomator2][39m Using UIAutomator2 server from 'C:\Users\Os1425\AppData\Roaming\npm\node_modules\appium\node_modules\appium-uiautomator2-server\apks\appium-uiautomator2-server-v4.27.0.apk' and test from 'C:\Users\Os1425\AppData\Roaming\npm\node_modules\appium\node_modules\appium-uiautomator2-server\apks\appium-uiautomator2-server-debug-androidTest.apk'
[35m[UiAutomator2][39m Waiting up to 30000ms for UiAutomator2 to be online...
[35m[WD Proxy][39m socket hang up
[35m[WD Proxy][39m socket hang up
[35m[WD Proxy][39m socket hang up
[35m[WD Proxy][39m socket hang up
[35m[WD Proxy][39m socket hang up
[35m[WD Proxy][39m Determined the downstream protocol as 'W3C'
[35m[AndroidDriver][39m Screen already unlocked, doing nothing
[35m[UiAutomator2][39m Starting 'com.android.settings/.Settings and waiting for 'com.android.settings/.Settings'
[35m[Appium][39m New AndroidUiautomator2Driver session created successfully, session e7508c94-a5e2-44b5-b9ae-e163f5ff5567 added to master session list
[35m[HTTP][39m [37m<-- POST /wd/hub/session [39m[32m200[39m [90m14044 ms - 1155[39m
[35m[HTTP][39m [90m[39m
[35m[HTTP][39m [37m-->[39m [37mGET[39m [37m/wd/hub/session/e7508c94-a5e2-44b5-b9ae-e163f5ff5567[39m
[35m[HTTP][39m [90m{}[39m
[35m[HTTP][39m [37m<-- GET /wd/hub/session/e7508c94-a5e2-44b5-b9ae-e163f5ff5567 [39m[32m200[39m [90m20 ms - 1109[39m
[35m[HTTP][39m [90m[39m
[35m[HTTP][39m [37m-->[39m [37mGET[39m [37m/wd/hub/session/e7508c94-a5e2-44b5-b9ae-e163f5ff5567[39m
[35m[HTTP][39m [90m{}[39m
[35m[HTTP][39m [37m<-- GET /wd/hub/session/e7508c94-a5e2-44b5-b9ae-e163f5ff5567 [39m[32m200[39m [90m18 ms - 1109[39m
[35m[HTTP][39m [90m[39m
[35m[HTTP][39m [37m-->[39m [37mGET[39m [37m/wd/hub/status[39m
[35m[HTTP][39m [90m{}[39m
[35m[HTTP][39m [37m<-- GET /wd/hub/status [39m[32m200[39m [90m1 ms - 68[39m
[35m[HTTP][39m [90m[39m
[35m[HTTP][39m [37m-->[39m [37mPOST[39m [37m/wd/hub/session/e7508c94-a5e2-44b5-b9ae-e163f5ff5567/timeouts[39m
[35m[HTTP][39m [90m{"implicit":60000}[39m
[35m[HTTP][39m [37m<-- POST /wd/hub/session/e7508c94-a5e2-44b5-b9ae-e163f5ff5567/timeouts [39m[32m200[39m [90m4 ms - 14[39m
[35m[HTTP][39m [90m[39m
[35m[HTTP][39m [37m-->[39m [37mGET[39m [37m/wd/hub/session/e7508c94-a5e2-44b5-b9ae-e163f5ff5567/screenshot[39m
[35m[HTTP][39m [90m{}[39m
[35m[HTTP][39m [37m<-- GET /wd/hub/session/e7508c94-a5e2-44b5-b9ae-e163f5ff5567/screenshot [39m[32m200[39m [90m611 ms - 52150[39m
[35m[HTTP][39m [90m[39m
[35m[HTTP][39m [37m-->[39m [37mGET[39m [37m/wd/hub/session/e7508c94-a5e2-44b5-b9ae-e163f5ff5567/window/rect[39m
[35m[HTTP][39m [90m{}[39m
[35m[HTTP][39m [37m<-- GET /wd/hub/session/e7508c94-a5e2-44b5-b9ae-e163f5ff5567/window/rect [39m[32m200[39m [90m46 ms - 49[39m
[35m[HTTP][39m [90m[39m
[35m[HTTP][39m [37m-->[39m [37mGET[39m [37m/wd/hub/session/e7508c94-a5e2-44b5-b9ae-e163f5ff5567/appium/device/system_bars[39m
[35m[HTTP][39m [90m{}[39m
[35m[HTTP][39m [37m<-- GET /wd/hub/session/e7508c94-a5e2-44b5-b9ae-e163f5ff5567/appium/device/system_bars [39m[32m200[39m [90m187 ms - 145[39m
[35m[HTTP][39m [90m[39m
[35m[HTTP][39m [37m-->[39m [37mPOST[39m [37m/wd/hub/session/e7508c94-a5e2-44b5-b9ae-e163f5ff5567/appium/device/activate_app[39m
[35m[HTTP][39m [90m{"bundleId":"com.adins.mss.svy"}[39m
[35m[HTTP][39m [37m<-- POST /wd/hub/session/e7508c94-a5e2-44b5-b9ae-e163f5ff5567/appium/device/activate_app [39m[32m200[39m [90m1096 ms - 14[39m
[35m[HTTP][39m [90m[39m
[35m[HTTP][39m [37m-->[39m [37mGET[39m [37m/wd/hub/session/e7508c94-a5e2-44b5-b9ae-e163f5ff5567/source[39m
[35m[HTTP][39m [90m{}[39m
[35m[W3C (e7508c94)][39m Driver proxy active, passing request on via HTTP proxy
[35m[WD Proxy][39m Replacing sessionId e7a8570f-3a6a-408d-b26d-e50b0823527a with e7508c94-a5e2-44b5-b9ae-e163f5ff5567
[35m[HTTP][39m [37m<-- GET /wd/hub/session/e7508c94-a5e2-44b5-b9ae-e163f5ff5567/source [39m[32m200[39m [90m1196 ms - 11232[39m
[35m[HTTP][39m [90m[39m
[35m[HTTP][39m [37m-->[39m [37mGET[39m [37m/wd/hub/session/e7508c94-a5e2-44b5-b9ae-e163f5ff5567/screenshot[39m
[35m[HTTP][39m [90m{}[39m
[35m[HTTP][39m [37m<-- GET /wd/hub/session/e7508c94-a5e2-44b5-b9ae-e163f5ff5567/screenshot [39m[32m200[39m [90m785 ms - 392928[39m
[35m[HTTP][39m [90m[39m
[35m[HTTP][39m [37m-->[39m [37mPOST[39m [37m/wd/hub/session/e7508c94-a5e2-44b5-b9ae-e163f5ff5567/elements[39m
[35m[HTTP][39m [90m{"using":"xpath","value":"//*[@class = 'android.widget.EditText' and (@text = 'User ID' or . = 'User ID') and @resource-id = 'com.adins.mss.svy:id/editUserId']"}[39m
[35m[HTTP][39m [37m<-- POST /wd/hub/session/e7508c94-a5e2-44b5-b9ae-e163f5ff5567/elements [39m[32m200[39m [90m798 ms - 139[39m
[35m[HTTP][39m [90m[39m
[35m[HTTP][39m [37m-->[39m [37mGET[39m [37m/wd/hub/session/e7508c94-a5e2-44b5-b9ae-e163f5ff5567/window/rect[39m
[35m[HTTP][39m [90m{}[39m
[35m[HTTP][39m [37m<-- GET /wd/hub/session/e7508c94-a5e2-44b5-b9ae-e163f5ff5567/window/rect [39m[32m200[39m [90m37 ms - 49[39m
[35m[HTTP][39m [90m[39m
[35m[HTTP][39m [37m-->[39m [37mPOST[39m [37m/wd/hub/session/e7508c94-a5e2-44b5-b9ae-e163f5ff5567/elements[39m
[35m[HTTP][39m [90m{"using":"xpath","value":"//*[@class = 'android.widget.EditText' and (@text = 'User ID' or . = 'User ID') and @resource-id = 'com.adins.mss.svy:id/editUserId']"}[39m
[35m[HTTP][39m [37m<-- POST /wd/hub/session/e7508c94-a5e2-44b5-b9ae-e163f5ff5567/elements [39m[32m200[39m [90m216 ms - 139[39m
[35m[HTTP][39m [90m[39m
[35m[HTTP][39m [37m-->[39m [37mGET[39m [37m/wd/hub/session/e7508c94-a5e2-44b5-b9ae-e163f5ff5567/element/00000000-0000-0018-ffff-ffff0000000c/location[39m
[35m[HTTP][39m [90m{}[39m
[35m[W3C (e7508c94)][39m Driver proxy active, passing request on via HTTP proxy
[35m[WD Proxy][39m Replacing sessionId e7a8570f-3a6a-408d-b26d-e50b0823527a with e7508c94-a5e2-44b5-b9ae-e163f5ff5567
[35m[HTTP][39m [37m<-- GET /wd/hub/session/e7508c94-a5e2-44b5-b9ae-e163f5ff5567/element/00000000-0000-0018-ffff-ffff0000000c/location [39m[32m200[39m [90m40 ms - 76[39m
[35m[HTTP][39m [90m[39m
[35m[HTTP][39m [37m-->[39m [37mPOST[39m [37m/wd/hub/session/e7508c94-a5e2-44b5-b9ae-e163f5ff5567/element/00000000-0000-0018-ffff-ffff0000000c/clear[39m
[35m[HTTP][39m [90m{"id":"00000000-0000-0018-ffff-ffff0000000c"}[39m
[35m[HTTP][39m [37m<-- POST /wd/hub/session/e7508c94-a5e2-44b5-b9ae-e163f5ff5567/element/00000000-0000-0018-ffff-ffff0000000c/clear [39m[32m200[39m [90m71 ms - 14[39m
[35m[HTTP][39m [90m[39m
[35m[HTTP][39m [37m-->[39m [37mPOST[39m [37m/wd/hub/session/e7508c94-a5e2-44b5-b9ae-e163f5ff5567/element/00000000-0000-0018-ffff-ffff0000000c/value[39m
[35m[HTTP][39m [90m{"id":"00000000-0000-0018-ffff-ffff0000000c","text":"DWI0081","value":["D","W","I","0","0","8","1"]}[39m
[35m[HTTP][39m [37m<-- POST /wd/hub/session/e7508c94-a5e2-44b5-b9ae-e163f5ff5567/element/00000000-0000-0018-ffff-ffff0000000c/value [39m[32m200[39m [90m617 ms - 14[39m
[35m[HTTP][39m [90m[39m
[35m[HTTP][39m [37m-->[39m [37mGET[39m [37m/wd/hub/session/e7508c94-a5e2-44b5-b9ae-e163f5ff5567/source[39m
[35m[HTTP][39m [90m{}[39m
[35m[W3C (e7508c94)][39m Driver proxy active, passing request on via HTTP proxy
[35m[WD Proxy][39m Replacing sessionId e7a8570f-3a6a-408d-b26d-e50b0823527a with e7508c94-a5e2-44b5-b9ae-e163f5ff5567
[35m[HTTP][39m [37m<-- GET /wd/hub/session/e7508c94-a5e2-44b5-b9ae-e163f5ff5567/source [39m[32m200[39m [90m219 ms - 11232[39m
[35m[HTTP][39m [90m[39m
[35m[HTTP][39m [37m-->[39m [37mGET[39m [37m/wd/hub/session/e7508c94-a5e2-44b5-b9ae-e163f5ff5567/screenshot[39m
[35m[HTTP][39m [90m{}[39m
[35m[HTTP][39m [37m<-- GET /wd/hub/session/e7508c94-a5e2-44b5-b9ae-e163f5ff5567/screenshot [39m[32m200[39m [90m810 ms - 394086[39m
[35m[HTTP][39m [90m[39m
[35m[HTTP][39m [37m-->[39m [37mPOST[39m [37m/wd/hub/session/e7508c94-a5e2-44b5-b9ae-e163f5ff5567/elements[39m
[35m[HTTP][39m [90m{"using":"xpath","value":"//*[@class = 'android.widget.EditText' and (@text = 'Password' or . = 'Password') and @resource-id = 'com.adins.mss.svy:id/editPassword']"}[39m
[35m[HTTP][39m [37m<-- POST /wd/hub/session/e7508c94-a5e2-44b5-b9ae-e163f5ff5567/elements [39m[32m200[39m [90m187 ms - 139[39m
[35m[HTTP][39m [90m[39m
[35m[HTTP][39m [37m-->[39m [37mGET[39m [37m/wd/hub/session/e7508c94-a5e2-44b5-b9ae-e163f5ff5567/window/rect[39m
[35m[HTTP][39m [90m{}[39m
[35m[HTTP][39m [37m<-- GET /wd/hub/session/e7508c94-a5e2-44b5-b9ae-e163f5ff5567/window/rect [39m[32m200[39m [90m38 ms - 49[39m
[35m[HTTP][39m [90m[39m
[35m[HTTP][39m [37m-->[39m [37mPOST[39m [37m/wd/hub/session/e7508c94-a5e2-44b5-b9ae-e163f5ff5567/elements[39m
[35m[HTTP][39m [90m{"using":"xpath","value":"//*[@class = 'android.widget.EditText' and (@text = 'Password' or . = 'Password') and @resource-id = 'com.adins.mss.svy:id/editPassword']"}[39m
[35m[HTTP][39m [37m<-- POST /wd/hub/session/e7508c94-a5e2-44b5-b9ae-e163f5ff5567/elements [39m[32m200[39m [90m198 ms - 139[39m
[35m[HTTP][39m [90m[39m
[35m[HTTP][39m [37m-->[39m [37mGET[39m [37m/wd/hub/session/e7508c94-a5e2-44b5-b9ae-e163f5ff5567/element/00000000-0000-0018-ffff-ffff0000000b/location[39m
[35m[HTTP][39m [90m{}[39m
[35m[W3C (e7508c94)][39m Driver proxy active, passing request on via HTTP proxy
[35m[WD Proxy][39m Replacing sessionId e7a8570f-3a6a-408d-b26d-e50b0823527a with e7508c94-a5e2-44b5-b9ae-e163f5ff5567
[35m[HTTP][39m [37m<-- GET /wd/hub/session/e7508c94-a5e2-44b5-b9ae-e163f5ff5567/element/00000000-0000-0018-ffff-ffff0000000b/location [39m[32m200[39m [90m26 ms - 76[39m
[35m[HTTP][39m [90m[39m
[35m[HTTP][39m [37m-->[39m [37mPOST[39m [37m/wd/hub/session/e7508c94-a5e2-44b5-b9ae-e163f5ff5567/element/00000000-0000-0018-ffff-ffff0000000b/clear[39m
[35m[HTTP][39m [90m{"id":"00000000-0000-0018-ffff-ffff0000000b"}[39m
[35m[HTTP][39m [37m<-- POST /wd/hub/session/e7508c94-a5e2-44b5-b9ae-e163f5ff5567/element/00000000-0000-0018-ffff-ffff0000000b/clear [39m[32m200[39m [90m38 ms - 14[39m
[35m[HTTP][39m [90m[39m
[35m[HTTP][39m [37m-->[39m [37mPOST[39m [37m/wd/hub/session/e7508c94-a5e2-44b5-b9ae-e163f5ff5567/element/00000000-0000-0018-ffff-ffff0000000b/value[39m
[35m[HTTP][39m [90m{"id":"00000000-0000-0018-ffff-ffff0000000b","text":"password","value":["p","a","s","s","w","o","r","d"]}[39m
[35m[HTTP][39m [37m<-- POST /wd/hub/session/e7508c94-a5e2-44b5-b9ae-e163f5ff5567/element/00000000-0000-0018-ffff-ffff0000000b/value [39m[32m200[39m [90m1238 ms - 14[39m
[35m[HTTP][39m [90m[39m
[35m[HTTP][39m [37m-->[39m [37mGET[39m [37m/wd/hub/session/e7508c94-a5e2-44b5-b9ae-e163f5ff5567/source[39m
[35m[HTTP][39m [90m{}[39m
[35m[W3C (e7508c94)][39m Driver proxy active, passing request on via HTTP proxy
[35m[WD Proxy][39m Replacing sessionId e7a8570f-3a6a-408d-b26d-e50b0823527a with e7508c94-a5e2-44b5-b9ae-e163f5ff5567
[35m[HTTP][39m [37m<-- GET /wd/hub/session/e7508c94-a5e2-44b5-b9ae-e163f5ff5567/source [39m[32m200[39m [90m201 ms - 11248[39m
[35m[HTTP][39m [90m[39m
[35m[HTTP][39m [37m-->[39m [37mGET[39m [37m/wd/hub/session/e7508c94-a5e2-44b5-b9ae-e163f5ff5567/screenshot[39m
[35m[HTTP][39m [90m{}[39m
[35m[HTTP][39m [37m<-- GET /wd/hub/session/e7508c94-a5e2-44b5-b9ae-e163f5ff5567/screenshot [39m[32m200[39m [90m801 ms - 389820[39m
[35m[HTTP][39m [90m[39m
[35m[HTTP][39m [37m-->[39m [37mPOST[39m [37m/wd/hub/session/e7508c94-a5e2-44b5-b9ae-e163f5ff5567/elements[39m
[35m[HTTP][39m [90m{"using":"xpath","value":"//*[@class = 'android.widget.Button' and (@text = 'Login' or . = 'Login') and @resource-id = 'com.adins.mss.svy:id/buttonLogin']"}[39m
[35m[HTTP][39m [37m<-- POST /wd/hub/session/e7508c94-a5e2-44b5-b9ae-e163f5ff5567/elements [39m[32m200[39m [90m185 ms - 139[39m
[35m[HTTP][39m [90m[39m
[35m[HTTP][39m [37m-->[39m [37mGET[39m [37m/wd/hub/session/e7508c94-a5e2-44b5-b9ae-e163f5ff5567/window/rect[39m
[35m[HTTP][39m [90m{}[39m
[35m[HTTP][39m [37m<-- GET /wd/hub/session/e7508c94-a5e2-44b5-b9ae-e163f5ff5567/window/rect [39m[32m200[39m [90m22 ms - 49[39m
[35m[HTTP][39m [90m[39m
[35m[HTTP][39m [37m-->[39m [37mPOST[39m [37m/wd/hub/session/e7508c94-a5e2-44b5-b9ae-e163f5ff5567/elements[39m
[35m[HTTP][39m [90m{"using":"xpath","value":"//*[@class = 'android.widget.Button' and (@text = 'Login' or . = 'Login') and @resource-id = 'com.adins.mss.svy:id/buttonLogin']"}[39m
[35m[HTTP][39m [37m<-- POST /wd/hub/session/e7508c94-a5e2-44b5-b9ae-e163f5ff5567/elements [39m[32m200[39m [90m164 ms - 139[39m
[35m[HTTP][39m [90m[39m
[35m[HTTP][39m [37m-->[39m [37mGET[39m [37m/wd/hub/session/e7508c94-a5e2-44b5-b9ae-e163f5ff5567/element/00000000-0000-0018-ffff-ffff0000000e/location[39m
[35m[HTTP][39m [90m{}[39m
[35m[W3C (e7508c94)][39m Driver proxy active, passing request on via HTTP proxy
[35m[WD Proxy][39m Replacing sessionId e7a8570f-3a6a-408d-b26d-e50b0823527a with e7508c94-a5e2-44b5-b9ae-e163f5ff5567
[35m[HTTP][39m [37m<-- GET /wd/hub/session/e7508c94-a5e2-44b5-b9ae-e163f5ff5567/element/00000000-0000-0018-ffff-ffff0000000e/location [39m[32m200[39m [90m28 ms - 76[39m
[35m[HTTP][39m [90m[39m
[35m[HTTP][39m [37m-->[39m [37mPOST[39m [37m/wd/hub/session/e7508c94-a5e2-44b5-b9ae-e163f5ff5567/element/00000000-0000-0018-ffff-ffff0000000e/click[39m
[35m[HTTP][39m [90m{"id":"00000000-0000-0018-ffff-ffff0000000e"}[39m
[35m[HTTP][39m [37m<-- POST /wd/hub/session/e7508c94-a5e2-44b5-b9ae-e163f5ff5567/element/00000000-0000-0018-ffff-ffff0000000e/click [39m[32m200[39m [90m68 ms - 14[39m
[35m[HTTP][39m [90m[39m
[35m[HTTP][39m [37m-->[39m [37mGET[39m [37m/wd/hub/session/e7508c94-a5e2-44b5-b9ae-e163f5ff5567/source[39m
[35m[HTTP][39m [90m{}[39m
[35m[W3C (e7508c94)][39m Driver proxy active, passing request on via HTTP proxy
[35m[WD Proxy][39m Replacing sessionId e7a8570f-3a6a-408d-b26d-e50b0823527a with e7508c94-a5e2-44b5-b9ae-e163f5ff5567
[35m[HTTP][39m [37m<-- GET /wd/hub/session/e7508c94-a5e2-44b5-b9ae-e163f5ff5567/source [39m[32m200[39m [90m288 ms - 4600[39m
[35m[HTTP][39m [90m[39m
[35m[HTTP][39m [37m-->[39m [37mGET[39m [37m/wd/hub/session/e7508c94-a5e2-44b5-b9ae-e163f5ff5567/screenshot[39m
[35m[HTTP][39m [90m{}[39m
[35m[HTTP][39m [37m<-- GET /wd/hub/session/e7508c94-a5e2-44b5-b9ae-e163f5ff5567/screenshot [39m[32m200[39m [90m782 ms - 282378[39m
[35m[HTTP][39m [90m[39m
[35m[HTTP][39m [37m-->[39m [37mDELETE[39m [37m/wd/hub/session/e7508c94-a5e2-44b5-b9ae-e163f5ff5567[39m
[35m[HTTP][39m [90m{}[39m
[35m[Appium][39m Removing session e7508c94-a5e2-44b5-b9ae-e163f5ff5567 from our master session list
[35m[UiAutomator2][39m Restoring hidden api policy to the device default configuration
[35m[HTTP][39m [37m<-- DELETE /wd/hub/session/e7508c94-a5e2-44b5-b9ae-e163f5ff5567 [39m[32m200[39m [90m573 ms - 14[39m
[35m[HTTP][39m [90m[39m
